
[03.02.2017 07:41:10][Опасность] Division by zero in file C:\xampp\htdocs\kouzi_shop\app\route.php on in line 17 
[03.02.2017 07:50:28][Предупреждение пользователя] foo in file C:\xampp\htdocs\kouzi_shop\app\route.php on in line 21 
[03.02.2017 07:51:26][Предупреждение пользователя] Не верный запрос in file C:\xampp\htdocs\kouzi_shop\app\route.php on in line 68 
[03.02.2017 07:53:46][Предупреждение пользователя] Не верный запрос in file C:\xampp\htdocs\kouzi_shop\app\route.php on in line 68 
[03.02.2017 07:53:48][Предупреждение пользователя] Не верный запрос in file C:\xampp\htdocs\kouzi_shop\app\route.php on in line 68 
[03.02.2017 07:54:31][Предупреждение пользователя] Не верный запрос in file C:\xampp\htdocs\kouzi_shop\app\route.php on in line 68 
[03.02.2017 07:55:07][Предупреждение пользователя] Не верный запрос in file C:\xampp\htdocs\kouzi_shop\app\route.php on in line 68 
[03.02.2017 07:57:34][Предупреждение пользователя] Не верный запрос in file C:\xampp\htdocs\kouzi_shop\app\route.php on in line 69 
[03.02.2017 07:57:35][Предупреждение пользователя] Не верный запрос in file C:\xampp\htdocs\kouzi_shop\app\route.php on in line 69 
[03.02.2017 07:57:40][Предупреждение пользователя] Не верный запрос in file C:\xampp\htdocs\kouzi_shop\app\route.php on in line 69 
[03.02.2017 07:57:41][Предупреждение пользователя] Не верный запрос in file C:\xampp\htdocs\kouzi_shop\app\route.php on in line 69 
[03.02.2017 07:57:42][Предупреждение пользователя] Не верный запрос in file C:\xampp\htdocs\kouzi_shop\app\route.php on in line 69 
[03.02.2017 07:58:11][Предупреждение пользователя] Не верный запрос in file C:\xampp\htdocs\kouzi_shop\app\route.php on in line 70 
[03.02.2017 07:58:36][Предупреждение пользователя] Не верный запрос in file C:\xampp\htdocs\kouzi_shop\app\route.php on in line 70 
[03.02.2017 07:58:52][Предупреждение пользователя] Не верный запрос in file C:\xampp\htdocs\kouzi_shop\app\route.php on in line 70 
[03.02.2017 07:58:53][Предупреждение пользователя] Не верный запрос in file C:\xampp\htdocs\kouzi_shop\app\route.php on in line 70 
[03.02.2017 07:58:54][Предупреждение пользователя] Не верный запрос in file C:\xampp\htdocs\kouzi_shop\app\route.php on in line 70 
[03.02.2017 07:59:06][Предупреждение пользователя] Не верный запрос in file C:\xampp\htdocs\kouzi_shop\app\route.php on in line 70 
[03.02.2017 07:59:07][Предупреждение пользователя] Не верный запрос in file C:\xampp\htdocs\kouzi_shop\app\route.php on in line 70 
[03.02.2017 07:59:22][Предупреждение пользователя] Не верный запрос in file C:\xampp\htdocs\kouzi_shop\app\route.php on in line 70 
[03.02.2017 07:59:23][Предупреждение пользователя] Не верный запрос in file C:\xampp\htdocs\kouzi_shop\app\route.php on in line 70 
[03.02.2017 07:59:24][Предупреждение пользователя] Не верный запрос in file C:\xampp\htdocs\kouzi_shop\app\route.php on in line 70 
[03.02.2017 07:59:25][Предупреждение пользователя] Не верный запрос in file C:\xampp\htdocs\kouzi_shop\app\route.php on in line 70 
[03.02.2017 07:59:33][Предупреждение пользователя] Не верный запрос in file C:\xampp\htdocs\kouzi_shop\app\route.php on in line 70 
[03.02.2017 07:59:38][Предупреждение пользователя] Не верный запрос in file C:\xampp\htdocs\kouzi_shop\app\route.php on in line 70 
[03.02.2017 07:59:39][Предупреждение пользователя] Не верный запрос in file C:\xampp\htdocs\kouzi_shop\app\route.php on in line 70 
[03.02.2017 07:59:41][Предупреждение пользователя] Не верный запрос in file C:\xampp\htdocs\kouzi_shop\app\route.php on in line 70 
[03.02.2017 08:00:03][Предупреждение пользователя] Не верный запрос in file C:\xampp\htdocs\kouzi_shop\app\route.php on in line 70 
[03.02.2017 08:00:04][Предупреждение пользователя] Не верный запрос in file C:\xampp\htdocs\kouzi_shop\app\route.php on in line 70 
[03.02.2017 08:00:10][Предупреждение пользователя] Не верный запрос in file C:\xampp\htdocs\kouzi_shop\app\route.php on in line 70 
[03.02.2017 08:00:11][Предупреждение пользователя] Не верный запрос in file C:\xampp\htdocs\kouzi_shop\app\route.php on in line 70 
[03.02.2017 08:00:12][Предупреждение пользователя] Не верный запрос in file C:\xampp\htdocs\kouzi_shop\app\route.php on in line 70 
[03.02.2017 08:00:25][Предупреждение пользователя] Не верный запрос in file C:\xampp\htdocs\kouzi_shop\app\route.php on in line 71 
[03.02.2017 08:00:26][Предупреждение пользователя] Не верный запрос in file C:\xampp\htdocs\kouzi_shop\app\route.php on in line 71 
[03.02.2017 08:00:43][Предупреждение пользователя] Не верный запрос in file C:\xampp\htdocs\kouzi_shop\app\route.php on in line 71 
[03.02.2017 08:00:45][Предупреждение пользователя] Не верный запрос in file C:\xampp\htdocs\kouzi_shop\app\route.php on in line 71 
[03.02.2017 08:00:58][Предупреждение пользователя] Не верный запрос in file C:\xampp\htdocs\kouzi_shop\app\route.php on in line 71 
[03.02.2017 08:01:01][Предупреждение пользователя] Не верный запрос in file C:\xampp\htdocs\kouzi_shop\app\route.php on in line 71 
[03.02.2017 08:01:10][Предупреждение пользователя] Не верный запрос in file C:\xampp\htdocs\kouzi_shop\app\route.php on in line 71 
[03.02.2017 08:01:11][Предупреждение пользователя] Не верный запрос in file C:\xampp\htdocs\kouzi_shop\app\route.php on in line 71 
[03.02.2017 08:01:24][Предупреждение пользователя] Не верный запрос in file C:\xampp\htdocs\kouzi_shop\app\route.php on in line 71 
[03.02.2017 08:01:27][Предупреждение пользователя] Не верный запрос in file C:\xampp\htdocs\kouzi_shop\app\route.php on in line 71 
[03.02.2017 08:01:28][Предупреждение пользователя] Не верный запрос in file C:\xampp\htdocs\kouzi_shop\app\route.php on in line 71 
[03.02.2017 08:01:29][Предупреждение пользователя] Не верный запрос in file C:\xampp\htdocs\kouzi_shop\app\route.php on in line 71 
[03.02.2017 08:01:37][Предупреждение пользователя] Не верный запрос in file C:\xampp\htdocs\kouzi_shop\app\route.php on in line 71 
[03.02.2017 08:01:48][Предупреждение пользователя] Не верный запрос in file C:\xampp\htdocs\kouzi_shop\app\route.php on in line 71 
[03.02.2017 08:01:50][Предупреждение пользователя] Не верный запрос in file C:\xampp\htdocs\kouzi_shop\app\route.php on in line 71 
[03.02.2017 08:02:10][Предупреждение пользователя] Не верный запрос in file C:\xampp\htdocs\kouzi_shop\app\route.php on in line 70 
[03.02.2017 08:02:12][Предупреждение пользователя] Не верный запрос in file C:\xampp\htdocs\kouzi_shop\app\route.php on in line 70 
[03.02.2017 08:02:27][Предупреждение пользователя] Не верный запрос in file C:\xampp\htdocs\kouzi_shop\app\route.php on in line 70 
[03.02.2017 08:02:29][Предупреждение пользователя] Не верный запрос in file C:\xampp\htdocs\kouzi_shop\app\route.php on in line 70 
[03.02.2017 08:02:48][Предупреждение пользователя] Не верный запрос in file C:\xampp\htdocs\kouzi_shop\app\route.php on in line 70 
[03.02.2017 08:02:59][Предупреждение пользователя] Не верный запрос in file C:\xampp\htdocs\kouzi_shop\app\route.php on in line 68 
[03.02.2017 08:03:23][Предупреждение пользователя] Не верный запрос in file C:\xampp\htdocs\kouzi_shop\app\route.php on in line 68 
[03.02.2017 08:16:25][Предупреждение пользователя] Не верный запрос in file C:\xampp\htdocs\kouzi_shop\app\route.php on in line 68 
[03.02.2017 10:06:53][Предупреждение пользователя] Не верный запрос in file C:\xampp\htdocs\kouzi_shop\app\route.php on in line 65 
[03.02.2017 10:06:55][Предупреждение пользователя] Не верный запрос in file C:\xampp\htdocs\kouzi_shop\app\route.php on in line 65 
[03.02.2017 10:21:57][Опасность] require_once(template/3.tpl.php): failed to open stream: No such file or directory in file C:\xampp\htdocs\kouzi_shop\app\include\initshop.php on in line 24 
[03.02.2017 10:24:04][Опасность] require_once(template/3.tpl.php): failed to open stream: No such file or directory in file C:\xampp\htdocs\kouzi_shop\app\include\initshop.php on in line 24 
[03.02.2017 11:28:42][Предупреждение пользователя] Не верный запрос in file C:\xampp\htdocs\kouzi_shop\app\route.php on in line 71 
[03.02.2017 11:31:29][Предупреждение пользователя] Не верный запрос in file C:\xampp\htdocs\kouzi_shop\app\route.php on in line 71 
[03.02.2017 11:33:50][Предупреждение пользователя] Не верный запрос in file C:\xampp\htdocs\kouzi_shop\app\route.php on in line 71 
[03.02.2017 11:36:32][Опасность] Illegal string offset 'clientid' in file C:\xampp\htdocs\kouzi_shop\app\route.php on in line 51 
[03.02.2017 11:36:59][Опасность] Illegal string offset 'clientid' in file C:\xampp\htdocs\kouzi_shop\app\route.php on in line 51 
[03.02.2017 11:40:22][Предупреждение пользователя] Не верный запрос in file C:\xampp\htdocs\kouzi_shop\app\route.php on in line 72 
[03.02.2017 12:13:44][Предупреждение пользователя] Не верный запрос in file C:\xampp\htdocs\kouzi_shop\app\route.php on in line 72 
[03.02.2017 12:32:21][Предупреждение пользователя] Не верный запрос in file C:\xampp\htdocs\kouzi_shop\app\route.php on in line 72 
[03.02.2017 12:33:25][Предупреждение пользователя] Не верный запрос in file C:\xampp\htdocs\kouzi_shop\app\route.php on in line 79 
[03.02.2017 12:34:30][Опасность] Illegal string offset 'jsonData' in file C:\xampp\htdocs\kouzi_shop\app\route.php on in line 77 
[03.02.2017 12:34:30][Предупреждение пользователя] Не верный запрос in file C:\xampp\htdocs\kouzi_shop\app\route.php on in line 79 
[03.02.2017 12:34:48][Опасность] Illegal string offset 'jsonData' in file C:\xampp\htdocs\kouzi_shop\app\route.php on in line 74 
[03.02.2017 12:34:48][Предупреждение пользователя] Не верный запрос in file C:\xampp\htdocs\kouzi_shop\app\route.php on in line 79 
[03.02.2017 12:35:57][Опасность] parse_str() expects parameter 1 to be string, array given in file C:\xampp\htdocs\kouzi_shop\app\route.php on in line 76 
[03.02.2017 12:35:57][Опасность] json_decode() expects parameter 1 to be string, array given in file C:\xampp\htdocs\kouzi_shop\app\route.php on in line 78 
[03.02.2017 12:35:57][Предупреждение пользователя] Не верный запрос in file C:\xampp\htdocs\kouzi_shop\app\route.php on in line 80 
[03.02.2017 12:36:56][Предупреждение пользователя] Не верный запрос in file C:\xampp\htdocs\kouzi_shop\app\route.php on in line 80 
[03.02.2017 12:38:09][Предупреждение пользователя] Не верный запрос in file C:\xampp\htdocs\kouzi_shop\app\route.php on in line 81 
[03.02.2017 12:46:22][Предупреждение пользователя] Не верный запрос in file C:\xampp\htdocs\kouzi_shop\app\route.php on in line 81 
[03.02.2017 12:47:47][Предупреждение пользователя] Не верный запрос in file C:\xampp\htdocs\kouzi_shop\app\route.php on in line 82 
[03.02.2017 12:50:22][Предупреждение пользователя] Не верный запрос in file C:\xampp\htdocs\kouzi_shop\app\route.php on in line 82 
[03.02.2017 12:50:43][Предупреждение] Array to string conversion in file C:\xampp\htdocs\kouzi_shop\app\route.php on in line 73 
[03.02.2017 12:50:43][Предупреждение пользователя] Не верный запрос in file C:\xampp\htdocs\kouzi_shop\app\route.php on in line 82 
[03.02.2017 12:51:10][Предупреждение пользователя] Не верный запрос in file C:\xampp\htdocs\kouzi_shop\app\route.php on in line 82 
[03.02.2017 12:53:00][Предупреждение пользователя] Не верный запрос in file C:\xampp\htdocs\kouzi_shop\app\route.php on in line 82 
[03.02.2017 12:55:15][Предупреждение пользователя] Клиент ID: не найден в Базе in file C:\xampp\htdocs\kouzi_shop\app\include\reqshop.php on in line 23 
[03.02.2017 12:56:13][Предупреждение пользователя] Клиент ID: не найден в Базе in file C:\xampp\htdocs\kouzi_shop\app\include\reqshop.php on in line 23 
